Arguments: 
  /usr/local/bin/node /usr/local/Cellar/yarn/1.3.2/libexec/bin/yarn.js install

PATH: 
  /Users/fireflylight/.sdkman/candidates/java/current/bin:/Users/fireflylight/.sdkman/candidates/groovy/current/bin:/usr/bin:/bin:/usr/sbin:/sbin:/usr/local/bin:/Applications/VMware Fusion.app/Contents/Public:/Applications/Wireshark.app/Contents/MacOS

Yarn version: 
  1.3.2

Node version: 
  8.9.2

Platform: 
  darwin x64

npm manifest: 
  {
    "name": "week_one",
    "version": "1.0.0",
    "description": "",
    "main": "index.js",
    "scripts": {
      "test": "karma start"
    },
    "keywords": [],
    "author": "",
    "license": "ISC",
    "devDependencies": {
      "babel": "^6.23.0",
      "babel-core": "^6.26.3",
      "babel-preset-env": "^1.7.0",
      "html-webpack-plugin": "^3.2.0",
      "jasmine": "^3.1.0",
      "jasmine-core": "^3.1.0",
      "karma": "^2.0.2",
      "karma-chrome-launcher": "^2.2.0",
      "karma-coverage": "^1.1.2",
      "karma-jasmine": "^1.1.2",
      "karma-phantomjs-launcher": "^1.0.4",
      "webpack": "^4.10.2"
    }
  }

yarn manifest: 
  No manifest

Lockfile: 
  No lockfile

Trace: 
  Error: ENOENT: no such file or directory, copyfile '/Users/fireflylight/Library/Caches/Yarn/v1/npm-arr-diff-2.0.0-8f3b827f955a8bd669697e4a4256ac3ceae356cf/README.md' -> '/Users/fireflylight/Documents/Workspace/Html/yideng_homework/week_one/node_modules/anymatch/node_modules/arr-diff/README.md'
